2022-09-10 11:31:20,614 - Link https://github.com/yairdar/aguide/edit/master/docs/README.md is invalid
2022-09-10 11:31:32,647 - RemoteProtocolError, https://www.linkedin.com/in/yair-dar-62962742 is considered invalid
2022-09-10 11:32:05,557 - Link https://github.com/ydzvulon/jenlib/edit/master/docs/README.md is invalid
2022-09-10 11:32:06,837 - Link https://github.com/Nuitka/NUITKA-Utilities/issues/62 is invalid
2022-09-10 11:32:07,306 - Link http://dokku.viewdocs.io/dokku/ is invalid
2022-09-10 11:32:11,042 - Link https://www.packet.net is invalid
2022-09-10 11:32:15,229 - Link https://yairdar.github.io/jenlib/links.html is invalid
2022-09-10 11:32:15,906 - Link https://cloudron.io is invalid
2022-09-10 11:32:20,716 - Link https://www.ovh.com/us/ is invalid
2022-09-10 11:32:27,381 - Link https://blockai.com/ is invalid
2022-09-10 11:32:27,877 - ConnectError [SSL: CERTIFICATE_VERIFY_FAILED], https://pydio.com/ is considered invalid
2022-09-10 11:32:32,177 - Link https://github.com/yairdar/aguide/edit/master/docs/base-tutorials/a-taskfile/c06_deps/README.md is invalid
2022-09-10 11:32:32,962 - Link https://github.com/yairdar/aguide/edit/master/docs/guides/ops-tools/shell-guide.md is invalid
2022-09-10 11:32:37,291 - Link http://www.codium.co is invalid
2022-09-10 11:32:41,240 - Link https://github.com/yairdar/aguide/edit/master/docs/base-tutorials/a-taskfile/c08_requests/README.md is invalid
2022-09-10 11:32:43,479 - ConnectError [SSL: CERTIFICATE_VERIFY_FAILED], https://www.backuphive.nl is considered invalid
2022-09-10 11:32:44,431 - Link https://github.com/drone/drone is invalid
2022-09-10 11:32:45,318 - Link https://github.com/yairdar/aguide/edit/master/docs/guides/ops-services/vault-guide.md is invalid
2022-09-10 11:32:46,697 - Link https://pub.towardsai.net/searching-for-semantic-similarity-cfbff2388d04 is invalid
2022-09-10 11:32:49,972 - Link https://github.com/yairdar/aguide/edit/master/docs/guides/dev-research/hpo-resources.md is invalid
2022-09-10 11:32:53,490 - Link http://www.onlinetech.com is invalid
2022-09-10 11:32:54,071 - Link https://www.linkedin.com/video/event/urn:li:ugcPost:6892101589042049025/ is invalid
2022-09-10 11:33:00,955 - Link https://yairdar.github.io/jenlib/_tickets/2021.09.27.push-images-to-dockerhub.html is invalid
2022-09-10 11:33:01,791 - Link https://github.com/yairdar/aguide/edit/master/docs/guides/lang-python/python-blogs.md is invalid
2022-09-10 11:33:03,922 - Link https://slack.minio.io is invalid
2022-09-10 11:33:04,847 - Link https://sloppy.io/deploying-minio-to-sloppy-io/ is invalid
2022-09-10 11:33:05,681 - Link https://github.com/yairdar/aguide/edit/master/docs/base-tutorials/a-taskfile/c02_task_directory/README.md is invalid
2022-09-10 11:33:09,682 - ConnectError [SSL: CERTIFICATE_VERIFY_FAILED], https://quezx.com/ is considered invalid
2022-09-10 11:33:10,277 - Link https://towardsdatascience.com/pycaret-and-streamlit-how-to-create-and-deploy-data-science-web-app-273d205271a3 is invalid
2022-09-10 11:33:13,108 - Link https://cloudron.io/store/io.minio.cloudronapp.html is invalid
2022-09-10 11:33:15,108 - Link https://github.com/yairdar/aguide/edit/master/docs/base-tutorials/a-taskfile/c04_vars/README.md is invalid
2022-09-10 11:33:16,336 - Link https://il.linkedin.com/in/yair-dar-62962742?trk=profile-badge is invalid
2022-09-10 11:33:17,083 - Link https://github.com/rusher81572/cloudExplorer is invalid
2022-09-10 11:33:23,612 - Link https://github.com/yairdar/aguide/edit/master/docs/guides/ops-tools/bash-tests.md is invalid
2022-09-10 11:33:24,501 - Link https://yairdar.github.io/guides/dev-tools/dev-research/tut-ds--10-minutes-pandas.pdf is invalid
2022-09-10 11:33:27,984 - Link https://gitlab.com/users/sign_in is invalid
2022-09-10 11:33:30,902 - Link https://github.com/18F/s3-resource-simple is invalid
2022-09-10 11:33:31,441 - Link https://towardsdatascience.com/checklist-behavioral-testing-of-nlp-models-491cf11f0238 is invalid
2022-09-10 11:33:36,400 - Link https://github.com/yairdar/aguide/edit/master/docs/base-tutorials/a-taskfile/c05_env_vars/README.md is invalid
2022-09-10 11:33:40,736 - Link https://github.com/yairdar/aguide/edit/master/docs/guides/ops-tools/yaml-guide.md is invalid
2022-09-10 11:33:42,268 - Link https://github.com/yairdar/aguide/edit/master/docs/base-tutorials/a-taskfile/c03_including_taskfiles/README.md is invalid
2022-09-10 11:33:47,364 - Link https://docs.minio.io/docs/distributed-minio-quickstart-guide.html is invalid
2022-09-10 11:33:47,777 - Link https://sloppy.io/ is invalid
2022-09-10 11:33:52,974 - Link https://github.com/yairdar/aguide/edit/master/docs/guides/ops-tools/jq-guide.md is invalid
2022-09-10 11:33:56,458 - Link https://github.com/yairdar/aguide/edit/master/docs/guides/lang-python/python-compile.md is invalid
2022-09-10 11:34:01,886 - Link https://taskfile.dev/installation is invalid
2022-09-10 11:34:04,419 - Link https://yairdar.github.io/contribution/ops-tools/mkdocs-guide.md is invalid
2022-09-10 11:34:04,895 - Link https://github.com/blockai/s3-tus-store is invalid
2022-09-10 11:34:09,046 - Link https://github.com/yairdar/aguide/edit/master/docs/guides/ops-services/minio-guilde.md is invalid
2022-09-10 11:34:09,806 - Link https://chaseadams.io/posts/markdown-tab-complete-vs-code/ is invalid
2022-09-10 11:34:12,534 - Link https://yairdar.github.io/base-tutorials/b-devpod/tests/test-before-push/Dockerfile_no_python is invalid
2022-09-10 11:34:14,168 - Link https://bosh.io is invalid
2022-09-10 11:34:15,984 - Link https://cloudron.io/documentation/backups/#minio is invalid
2022-09-10 11:34:17,767 - Link https://github.com/yairdar/aguide/edit/master/docs/guides/dev-tools/dev-in-container.md is invalid
2022-09-10 11:34:20,840 - Link https://github.com/yairdar/aguide/edit/master/docs/yd-contacts/contacts.md is invalid
2022-09-10 11:34:27,237 - Link https://towardsdatascience.com/introducing-fuguesql-sql-for-pandas-spark-and-dask-dataframes-63d461a16b27 is invalid
2022-09-10 11:34:29,045 - Link http://www.hyperscalers.com.au/quanta-qct-server-1u-quantagrid-d51b-2u-buy-quantagridd51b2u-distribution-buy-usa-aus is invalid
2022-09-10 11:34:29,526 - Link https://github.com/aws-samples/aws-sso-extensions-for-enterprise is invalid
2022-09-10 11:34:31,783 - Link https://github.com/yairdar/aguide/edit/master/docs/guides/dev-research/nlp-research.md is invalid
2022-09-10 11:34:36,902 - Link http://plumbery.readthedocs.io/en/latest/tutorial.minio.html is invalid
2022-09-10 11:34:43,093 - Link https://www.baeldung.com/linux/bash-interactive-prompts is invalid
2022-09-10 11:34:46,081 - Link https://github.com/yairdar/aguide/edit/master/docs/base-tutorials/b-devpod/devpod-get-env-ready.md is invalid
2022-09-10 11:34:46,874 - Link https://github.com/yairdar/aguide/edit/master/docs/guides/dev-research/timeseries-research.md is invalid
2022-09-10 11:34:51,043 - Link https://yairdar.github.io/base-tutorials/a-taskfile/c08_requests/10000%20Sales%20Records.csv is invalid
2022-09-10 11:34:51,947 - Link https://github.com/yairdar/aguide/edit/master/docs/base-tools/rclone.md is invalid
2022-09-10 11:34:53,417 - Link https://github.com/yairdar/aguide/edit/master/docs/guides/ops-cloud/aws-guide.md is invalid
2022-09-10 11:34:56,298 - ConnectError [SSL: CERTIFICATE_VERIFY_FAILED], https://docs.apcera.com/services/types/service-minio/ is considered invalid
2022-09-10 11:34:58,512 - Link https://crisp.im/en/ is invalid
2022-09-10 11:35:02,494 - Link https://jelastic.com/ is invalid
2022-09-10 11:35:04,405 - Link https://about.mattermost.com/ is invalid
2022-09-10 11:35:11,825 - Link https://yairdar.github.io/jenlib/_tickets/2021.09.28.reposet-and-jenlib.html is invalid
2022-09-10 11:35:12,582 - Link https://github.com/yairdar/aguide/edit/master/docs/guides/dev-research/cv-research.md is invalid
2022-09-10 11:35:15,785 - Link http://www.cisco.com/c/en/us/products/servers-unified-computing/ucs-c240-m4-rack-server/index.html is invalid
2022-09-10 11:35:17,144 - Link https://github.com/yairdar/aguide/edit/master/docs/guides/ops-tools/mkdocs-guide.md is invalid
2022-09-10 11:35:19,074 - Link https://github.com/yairdar/aguide/edit/master/docs/guides/dev-tools/vscode-extentions.md is invalid
2022-09-10 11:35:19,997 - Link https://pub.towardsai.net/simple-text-summarizer-using-extractive-method-849b65c2dc5a is invalid
2022-09-10 11:35:20,774 - Link https://github.com/yairdar/aguide/edit/master/docs/guides/ops-services/devops-field.md is invalid
2022-09-10 11:35:24,020 - Link https://rocket.chat/ is invalid
2022-09-10 11:35:25,728 - Link https://github.com/yairdar/aguide/edit/master/docs/guides/ops-services/local-factory.md is invalid
2022-09-10 11:35:26,508 - Link https://github.com/yairdar/aguide/edit/master/docs/base-tutorials/a-taskfile/c01_getting_started/README.md is invalid
2022-09-10 11:35:29,218 - Link http://nxsol.com/ is invalid
2022-09-10 11:35:30,025 - Link https://github.com/yairdar/aguide/edit/master/docs/contribution/README.md is invalid
2022-09-10 11:35:32,510 - Link http://www.supermicro.com/products/system/1U/5018/SSG-5018A-AR12L.cfm?parts=SHOW is invalid
2022-09-10 11:35:43,823 - Link https://github.com/yairdar/aguide/edit/master/docs/guides/ops-tools/taskgo-guide.md is invalid
2022-09-10 11:35:45,803 - Link https://github.com/yairdar/aguide/edit/master/docs/base-tools/taskfile.md is invalid
2022-09-10 11:35:47,089 - Link https://dapploy.io/ is invalid
2022-09-10 11:35:53,518 - Link https://github.com/yairdar/aguide/edit/master/docs/base-tutorials/a-taskfile/README.md is invalid
2022-09-10 11:36:14,321 - Link http://www.dxc.technology/cloud/offerings/140041/140149-eucalyptus_software_support_services is invalid
2022-09-10 11:36:21,220 - Link https://github.com/yairdar/aguide/edit/master/docs/guides/dev-tools/dev-in-notebook.md is invalid
2022-09-10 11:36:22,087 - Link https://github.com/yairdar/aguide/edit/master/docs/guides/ops-services/keycloak-sample.md is invalid
2022-09-10 11:36:26,958 - Link https://www.cloudberrylab.com/backup/windows-server.aspx is invalid
2022-09-10 11:36:28,347 - Link https://github.com/slypix/minio-dokku is invalid
2022-09-10 11:36:28,518 - Link http://ark.intel.com/products/88286 is invalid
2022-09-10 11:36:29,330 - Link https://github.com/yairdar/aguide/edit/master/docs/guides/dev-services/github-guide.md is invalid
2022-09-10 11:36:30,869 - Link https://github.com/yairdar/aguide/edit/master/docs/guides/ops-cloud/k3s-guide.md is invalid
2022-09-10 11:36:31,643 - Link https://github.com/yairdar/aguide/edit/master/docs/guides/ops-tools/base-tools-intro.md is invalid
2022-09-10 11:36:33,273 - Link https://yairdar.github.io/jenlib/docs/links.md is invalid
2022-09-10 11:36:34,798 - Link https://github.com/yairdar/aguide/edit/master/docs/guides/ops-tools/date-time/cron-guide.md is invalid
2022-09-10 11:36:39,726 - Link https://github.com/yairdar/aguide/edit/master/docs/guides/dev-services/gitpod-guide.md is invalid
2022-09-10 11:36:40,674 - Link https://towardsdatascience.com/how-to-publish-a-python-package-to-pypi-using-poetry-aa804533fc6f is invalid
2022-09-10 11:36:43,712 - Link https://www.scaleway.com is invalid
2022-09-10 11:36:51,118 - ConnectError [SSL: CERTIFICATE_VERIFY_FAILED], https://stash.z-hub.io/projects/K4U/repos/minio/browse is considered invalid
2022-09-10 11:36:54,324 - Link https://github.com/yairdar/aguide/edit/master/docs/base-tutorials/a-taskfile/c07_cli_args/README.md is invalid
2022-09-10 11:36:55,135 - Link https://github.com/yairdar/aguide/edit/master/docs/base-tutorials/b-devpod/index.md is invalid
2022-09-10 11:36:58,691 - Link https://github.com/yairdar/aguide/edit/master/docs/base-tools/yq.md is invalid
2022-09-10 11:37:00,968 - Link https://www.javieranto.com/kb/GNU-Linux/Software/mkDocs/ is invalid
2022-09-10 11:38:21,631 - Link https://vzurczak.wordpress.com/2020/04/17/combining-jenkins-job-dsl-and-shared-libraries-for-docker-images-p is invalid
2022-09-10 11:38:22,401 - Link https://github.com/ydzvulon/jenlib/edit/master/docs/vars/README.md is invalid
2022-09-10 11:38:24,471 - Link https://github.com/ydzvulon/jenlib/edit/master/docs/contibute/groovy.md is invalid
2022-09-10 11:38:38,912 - Link https://github.com/ydzvulon/jenlib/edit/master/docs/limitations.md is invalid
2022-09-10 11:38:39,285 - Link https://yairdar.github.io/jenlib/vars/jen.groovy is invalid
2022-09-10 11:38:40,028 - Link https://github.com/ydzvulon/jenlib/edit/master/docs/guides/jenkins-guide.md is invalid
2022-09-10 11:38:41,304 - Link https://github.com/ydzvulon/jenlib/edit/master/docs/guides/docker-build.md is invalid
2022-09-10 11:38:41,754 - ConnectError [SSL: CERTIFICATE_VERIFY_FAILED], https://causlayer.orgs.hk/lechuckroh/task-intellij-plugin is considered invalid
2022-09-10 11:38:49,601 - Link https://github.com/ydzvulon/jenlib/edit/master/docs/guides/mermaid-flows.md is invalid
2022-09-10 11:38:51,539 - Link https://medium.com/@ragin/jenkins-jenkins-configuration-as-code-jcasc-together-with-jobdsl-on-kubernetes-2f5a173491ab is invalid
2022-09-10 11:38:56,664 - ConnectTimeout, https://www.insanity.org.uk/2017/04/03/giving-jenkins-access-to-docker/ is considered invalid
2022-09-10 11:38:58,817 - Link https://github.com/ydzvulon/jenlib/edit/master/docs/contibute/links.md is invalid
2022-09-10 11:39:00,619 - Link https://github.com/nvuillam/mega-linter#readme is invalid
2022-09-10 11:39:04,705 - Link https://www.praqma.com/stories/dockerized-jenkins-jobdsl/ is invalid
2022-09-10 11:39:10,205 - Link https://medium.com/@karansingh010/running-kubernetes-in-docker-a26f4311fae1 is invalid
2022-09-10 11:39:12,836 - Link https://verifa.io/insights/getting-started-with-jenkins-config-as-code/ is invalid
2022-09-10 11:39:20,032 - Link https://yairdar.github.io/jenlib/contibute/var/README.md is invalid
2022-09-10 11:39:27,040 - Link https://github.com/ydzvulon/jenlib/edit/master/docs/guides/sso-guide.md is invalid
2022-09-10 11:39:28,447 - Link https://github.com/ydzvulon/jenlib/edit/master/docs/get-started.md is invalid
2022-09-10 11:39:29,771 - Link https://support.cloudbees.com/hc/en-us/articles/226122247-How-to-Customize-Checkout-for-Pipeline-Multibranch- is invalid
2022-09-10 11:39:36,496 - Link https://github.com/ydzvulon/jenlib/edit/master/docs/guides/mkdocs-guilde.md is invalid
2022-09-10 11:39:37,280 - Link https://github.com/ydzvulon/jenlib/edit/master/docs/docs_examples.md is invalid
2022-09-10 11:39:40,885 - Link https://coderoad.ru/51140392/Jenkins-%D0%B7%D0%B0%D0%B4%D0%B0%D0%BD%D0%B8%D0%B5-dsl-%D0%B4%D0%BB%D1%8F-bitbucket-%D1%84%D0%B8%D0%BB%D0%B8%D0%B0%D0%BB%D0%B0-%D0%B8%D1%81%D1%85%D0%BE%D0%B4%D0%BD%D0%B0%D1%8F-%D0%B4%D0%BE%D0%BA%D1%83%D0%BC%D0%B5%D0%BD%D1%82%D0%B0%D1%86%D0%B8%D1%8F-%D0%BF%D0%BB%D0%B0%D0%B3%D0%B8%D0%BD%D0%B0-%D1%81 is invalid
2022-09-10 11:39:43,110 - Link https://github.com/ydzvulon/jenlib/edit/master/docs/guides/docker-compose.md is invalid
2022-09-10 11:39:44,670 - Link https://github.com/ydzvulon/jenlib/edit/master/docs/guides/task-go-guide.md is invalid
2022-09-10 11:39:49,652 - Link https://github.com/ydzvulon/jenlib/edit/master/docs/guides/jenkins-jobdsl-guide.md is invalid
2022-09-10 11:39:51,867 - Link https://www.blazemeter.com/blog/how-to-setup-scalable-jenkins-on-top-of-a-kubernetes-cluster is invalid
2022-09-10 11:39:59,493 - Link https://github.com/ydzvulon/jenlib/edit/master/docs/contibute/dev.md is invalid
2022-09-10 11:40:04,016 - Link https://cloud.google.com/architecture/managing-infrastructure-as-code-with-terraform-jenkins-and-gitops is invalid
2022-09-10 11:40:05,194 - Link https://github.com/ydzvulon/jenlib/edit/master/docs/changelog.md is invalid
2022-09-10 11:40:07,128 - Link https://github.com/ydzvulon/jenlib/edit/master/docs/guides/python-guide.md is invalid
2022-09-10 11:40:09,365 - Link https://winsmarts.com/using-cmder-as-integrated-shell-in-vscode-c3340714fe3c is invalid
2022-09-10 11:40:10,678 - Link https://github.com/ydzvulon/jenlib/edit/master/docs/products-deps.md is invalid
2022-09-10 11:40:11,176 - Link https://github.com/ydzvulon/jenlib/edit/master/docs/tutorials/4000.jenlib.parallel/samples.md is invalid
2022-09-10 11:40:18,215 - Link https://github.com/ydzvulon/jenlib/edit/master/docs/guides/jupyter-guide.md is invalid
2022-09-10 11:40:19,369 - Link https://github.com/ydzvulon/jenlib/edit/master/docs/guides/nexus-guide.md is invalid
