https://github.com/yairdar/aguide/edit/master/docs/README.md
https://www.linkedin.com/in/yair-dar-62962742
https://github.com/yairdar/aguide/edit/master/docs/guides/dev-research/cv-research.md
https://crisp.im/en/
https://github.com/yairdar/aguide/edit/master/docs/base-tutorials/a-taskfile/c02_task_directory/README.md
https://blockai.com/
https://github.com/yairdar/aguide/edit/master/docs/guides/dev-tools/dev-in-notebook.md
https://github.com/yairdar/aguide/edit/master/docs/base-tools/taskfile.md
https://github.com/yairdar/aguide/edit/master/docs/guides/lang-python/python-blogs.md
https://github.com/yairdar/aguide/edit/master/docs/guides/dev-research/timeseries-research.md
https://docs.apcera.com/services/types/service-minio/
https://github.com/yairdar/aguide/edit/master/docs/guides/ops-services/keycloak-sample.md
http://www.hyperscalers.com.au/quanta-qct-server-1u-quantagrid-d51b-2u-buy-quantagridd51b2u-distribution-buy-usa-aus
http://www.onlinetech.com
https://github.com/aws-samples/aws-sso-extensions-for-enterprise
https://github.com/yairdar/aguide/edit/master/docs/yd-contacts/contacts.md
https://github.com/yairdar/aguide/edit/master/docs/guides/ops-tools/mkdocs-guide.md
https://sloppy.io/deploying-minio-to-sloppy-io/
https://quezx.com/
https://www.packet.net
https://yairdar.github.io/jenlib/_tickets/2021.09.28.reposet-and-jenlib.html
https://rocket.chat/
https://github.com/drone/drone
http://www.cisco.com/c/en/us/products/servers-unified-computing/ucs-c240-m4-rack-server/index.html
https://github.com/yairdar/aguide/edit/master/docs/guides/ops-services/local-factory.md
https://yairdar.github.io/base-tutorials/b-devpod/tests/test-before-push/Dockerfile_no_python
https://www.javieranto.com/kb/GNU-Linux/Software/mkDocs/
https://taskfile.dev/installation
https://github.com/yairdar/aguide/edit/master/docs/guides/ops-services/vault-guide.md
https://cloudron.io/store/io.minio.cloudronapp.html
https://github.com/yairdar/aguide/edit/master/docs/base-tutorials/a-taskfile/c04_vars/README.md
https://www.scaleway.com
https://github.com/yairdar/aguide/edit/master/docs/base-tutorials/a-taskfile/c08_requests/README.md
https://stash.z-hub.io/projects/K4U/repos/minio/browse
https://bosh.io
https://github.com/18F/s3-resource-simple
https://github.com/Nuitka/NUITKA-Utilities/issues/62
https://github.com/yairdar/aguide/edit/master/docs/base-tutorials/a-taskfile/c07_cli_args/README.md
https://github.com/yairdar/aguide/edit/master/docs/guides/ops-services/devops-field.md
https://pub.towardsai.net/simple-text-summarizer-using-extractive-method-849b65c2dc5a
https://github.com/yairdar/aguide/edit/master/docs/guides/ops-tools/bash-tests.md
https://github.com/yairdar/aguide/edit/master/docs/guides/ops-tools/date-time/cron-guide.md
http://dokku.viewdocs.io/dokku/
https://github.com/yairdar/aguide/edit/master/docs/guides/ops-tools/shell-guide.md
https://towardsdatascience.com/checklist-behavioral-testing-of-nlp-models-491cf11f0238
https://github.com/yairdar/aguide/edit/master/docs/guides/ops-cloud/aws-guide.md
https://github.com/blockai/s3-tus-store
https://github.com/yairdar/aguide/edit/master/docs/guides/lang-python/python-compile.md
https://github.com/yairdar/aguide/edit/master/docs/base-tutorials/a-taskfile/README.md
https://about.mattermost.com/
http://ark.intel.com/products/88286
https://github.com/yairdar/aguide/edit/master/docs/base-tools/rclone.md
https://yairdar.github.io/base-tutorials/a-taskfile/c08_requests/10000%20Sales%20Records.csv
https://www.ovh.com/us/
http://nxsol.com/
https://slack.minio.io
https://github.com/yairdar/aguide/edit/master/docs/base-tutorials/b-devpod/index.md
https://github.com/yairdar/aguide/edit/master/docs/guides/ops-tools/base-tools-intro.md
https://github.com/yairdar/aguide/edit/master/docs/contribution/README.md
https://jelastic.com/
https://github.com/rusher81572/cloudExplorer
https://towardsdatascience.com/pycaret-and-streamlit-how-to-create-and-deploy-data-science-web-app-273d205271a3
https://github.com/ydzvulon/jenlib/edit/master/docs/README.md
https://yairdar.github.io/guides/dev-tools/dev-research/tut-ds--10-minutes-pandas.pdf
https://www.backuphive.nl
https://pydio.com/
https://github.com/yairdar/aguide/edit/master/docs/base-tutorials/a-taskfile/c03_including_taskfiles/README.md
https://gitlab.com/users/sign_in
https://github.com/yairdar/aguide/edit/master/docs/guides/ops-cloud/k3s-guide.md
https://github.com/yairdar/aguide/edit/master/docs/guides/ops-services/minio-guilde.md
https://golangrepo.com/tag/terraform-provider-minio_star_1
https://yairdar.github.io/jenlib/_tickets/2021.09.27.push-images-to-dockerhub.html
http://www.codium.co
https://github.com/yairdar/aguide/edit/master/docs/guides/dev-services/gitpod-guide.md
https://pub.towardsai.net/searching-for-semantic-similarity-cfbff2388d04
https://yairdar.github.io/contribution/ops-tools/mkdocs-guide.md
https://github.com/yairdar/aguide/edit/master/docs/guides/dev-services/github-guide.md
https://github.com/yairdar/aguide/edit/master/docs/guides/dev-research/hpo-resources.md
https://yairdar.github.io/jenlib/links.html
https://github.com/yairdar/aguide/edit/master/docs/base-tutorials/a-taskfile/c01_getting_started/README.md
https://github.com/yairdar/aguide/edit/master/docs/base-tutorials/b-devpod/devpod-get-env-ready.md
https://github.com/yairdar/aguide/edit/master/docs/guides/dev-tools/vscode-extentions.md
https://dapploy.io/
https://github.com/yairdar/aguide/edit/master/docs/base-tutorials/a-taskfile/c05_env_vars/README.md
https://towardsdatascience.com/introducing-fuguesql-sql-for-pandas-spark-and-dask-dataframes-63d461a16b27
https://github.com/yairdar/aguide/edit/master/docs/base-tutorials/a-taskfile/c06_deps/README.md
https://sloppy.io/
https://cloudron.io/documentation/backups/#minio
https://docs.minio.io/docs/distributed-minio-quickstart-guide.html
https://cloudron.io
https://github.com/yairdar/aguide/edit/master/docs/guides/ops-tools/taskgo-guide.md
https://towardsdatascience.com/how-to-publish-a-python-package-to-pypi-using-poetry-aa804533fc6f
http://plumbery.readthedocs.io/en/latest/tutorial.minio.html
https://www.linkedin.com/video/event/urn:li:ugcPost:6892101589042049025/
https://github.com/yairdar/aguide/edit/master/docs/base-tools/yq.md
https://www.baeldung.com/linux/bash-interactive-prompts
https://github.com/yairdar/aguide/edit/master/docs/guides/ops-tools/jq-guide.md
https://www.cloudberrylab.com/backup/windows-server.aspx
https://chaseadams.io/posts/markdown-tab-complete-vs-code/
https://github.com/yairdar/aguide/edit/master/docs/guides/dev-research/nlp-research.md
https://github.com/slypix/minio-dokku
https://yairdar.github.io/jenlib/docs/links.md
https://github.com/yairdar/aguide/edit/master/docs/guides/dev-tools/dev-in-container.md
http://www.supermicro.com/products/system/1U/5018/SSG-5018A-AR12L.cfm?parts=SHOW
https://github.com/yairdar/aguide/edit/master/docs/guides/ops-tools/yaml-guide.md
https://il.linkedin.com/in/yair-dar-62962742?trk=profile-badge
http://www.dxc.technology/cloud/offerings/140041/140149-eucalyptus_software_support_services
https://github.com/ydzvulon/jenlib/edit/master/docs/tutorials/4000.jenlib.parallel/samples.md
https://medium.com/@karansingh010/running-kubernetes-in-docker-a26f4311fae1
https://github.com/ydzvulon/jenlib/edit/master/docs/guides/docker-build.md
https://github.com/ydzvulon/jenlib/edit/master/docs/contibute/dev.md
https://github.com/ydzvulon/jenlib/edit/master/docs/contibute/groovy.md
https://www.insanity.org.uk/2017/04/03/giving-jenkins-access-to-docker/
https://github.com/ydzvulon/jenlib/edit/master/docs/guides/nexus-guide.md
https://github.com/ydzvulon/jenlib/edit/master/docs/guides/jenkins-jobdsl-guide.md
https://github.com/ydzvulon/jenlib/edit/master/docs/changelog.md
https://github.com/ydzvulon/jenlib/edit/master/docs/guides/sso-guide.md
https://github.com/ydzvulon/jenlib/edit/master/docs/vars/README.md
https://github.com/ydzvulon/jenlib/edit/master/docs/guides/jenkins-guide.md
https://github.com/ydzvulon/jenlib/edit/master/docs/guides/mermaid-flows.md
https://github.com/ydzvulon/jenlib/edit/master/docs/guides/mkdocs-guilde.md
https://causlayer.orgs.hk/lechuckroh/task-intellij-plugin
https://github.com/ydzvulon/jenlib/edit/master/docs/limitations.md
https://yairdar.github.io/jenlib/vars/jen.groovy
https://yairdar.github.io/jenlib/contibute/var/README.md
https://support.cloudbees.com/hc/en-us/articles/226122247-How-to-Customize-Checkout-for-Pipeline-Multibranch-
https://cloud.google.com/architecture/managing-infrastructure-as-code-with-terraform-jenkins-and-gitops
https://verifa.io/insights/getting-started-with-jenkins-config-as-code/
https://github.com/ydzvulon/jenlib/edit/master/docs/guides/python-guide.md
https://github.com/ydzvulon/jenlib/edit/master/docs/contibute/links.md
https://www.praqma.com/stories/dockerized-jenkins-jobdsl/
https://github.com/ydzvulon/jenlib/edit/master/docs/get-started.md
https://github.com/ydzvulon/jenlib/edit/master/docs/docs_examples.md
https://github.com/ydzvulon/jenlib/edit/master/docs/products-deps.md
https://vzurczak.wordpress.com/2020/04/17/combining-jenkins-job-dsl-and-shared-libraries-for-docker-images-p
https://www.blazemeter.com/blog/how-to-setup-scalable-jenkins-on-top-of-a-kubernetes-cluster
https://github.com/nvuillam/mega-linter#readme
https://github.com/ydzvulon/jenlib/edit/master/docs/guides/docker-compose.md
https://medium.com/@ragin/jenkins-jenkins-configuration-as-code-jcasc-together-with-jobdsl-on-kubernetes-2f5a173491ab
https://github.com/ydzvulon/jenlib/edit/master/docs/guides/task-go-guide.md
https://coderoad.ru/51140392/Jenkins-%D0%B7%D0%B0%D0%B4%D0%B0%D0%BD%D0%B8%D0%B5-dsl-%D0%B4%D0%BB%D1%8F-bitbucket-%D1%84%D0%B8%D0%BB%D0%B8%D0%B0%D0%BB%D0%B0-%D0%B8%D1%81%D1%85%D0%BE%D0%B4%D0%BD%D0%B0%D1%8F-%D0%B4%D0%BE%D0%BA%D1%83%D0%BC%D0%B5%D0%BD%D1%82%D0%B0%D1%86%D0%B8%D1%8F-%D0%BF%D0%BB%D0%B0%D0%B3%D0%B8%D0%BD%D0%B0-%D1%81
https://github.com/ydzvulon/jenlib/edit/master/docs/guides/jupyter-guide.md
https://winsmarts.com/using-cmder-as-integrated-shell-in-vscode-c3340714fe3c
